c:\users\admen\source\snake\build\glfw\src\debug\glfw3.pdb
c:\users\admen\source\snake\build\glfw\src\glfw.dir\debug\osmesa_context.obj
c:\users\admen\source\snake\build\glfw\src\glfw.dir\debug\egl_context.obj
c:\users\admen\source\snake\build\glfw\src\glfw.dir\debug\wgl_context.obj
c:\users\admen\source\snake\build\glfw\src\glfw.dir\debug\win32_window.obj
c:\users\admen\source\snake\build\glfw\src\glfw.dir\debug\win32_thread.obj
c:\users\admen\source\snake\build\glfw\src\glfw.dir\debug\win32_time.obj
c:\users\admen\source\snake\build\glfw\src\glfw.dir\debug\win32_monitor.obj
c:\users\admen\source\snake\build\glfw\src\glfw.dir\debug\win32_joystick.obj
c:\users\admen\source\snake\build\glfw\src\glfw.dir\debug\win32_init.obj
c:\users\admen\source\snake\build\glfw\src\glfw.dir\debug\window.obj
c:\users\admen\source\snake\build\glfw\src\glfw.dir\debug\vulkan.obj
c:\users\admen\source\snake\build\glfw\src\glfw.dir\debug\monitor.obj
c:\users\admen\source\snake\build\glfw\src\glfw.dir\debug\input.obj
c:\users\admen\source\snake\build\glfw\src\glfw.dir\debug\init.obj
c:\users\admen\source\snake\build\glfw\src\glfw.dir\debug\context.obj
c:\users\admen\source\snake\build\glfw\src\cmakefiles\generate.stamp
c:\users\admen\source\snake\build\glfw\src\debug\glfw3.lib
c:\users\admen\source\snake\build\glfw\src\glfw.dir\debug\glfw.tlog\cl.command.1.tlog
c:\users\admen\source\snake\build\glfw\src\glfw.dir\debug\glfw.tlog\cl.items.tlog
c:\users\admen\source\snake\build\glfw\src\glfw.dir\debug\glfw.tlog\cl.read.1.tlog
c:\users\admen\source\snake\build\glfw\src\glfw.dir\debug\glfw.tlog\cl.write.1.tlog
c:\users\admen\source\snake\build\glfw\src\glfw.dir\debug\glfw.tlog\custombuild.command.1.tlog
c:\users\admen\source\snake\build\glfw\src\glfw.dir\debug\glfw.tlog\custombuild.read.1.tlog
c:\users\admen\source\snake\build\glfw\src\glfw.dir\debug\glfw.tlog\custombuild.write.1.tlog
c:\users\admen\source\snake\build\glfw\src\glfw.dir\debug\glfw.tlog\lib-link.read.1.tlog
c:\users\admen\source\snake\build\glfw\src\glfw.dir\debug\glfw.tlog\lib-link.write.1.tlog
c:\users\admen\source\snake\build\glfw\src\glfw.dir\debug\glfw.tlog\lib.command.1.tlog
