c:\users\admen\source\snake\build\glew\glew.dir\debug\vc143.pdb
c:\users\admen\source\snake\build\glew\glew.dir\debug\glew.obj
c:\users\admen\source\snake\build\glew\cmakefiles\generate.stamp
c:\users\admen\source\snake\build\glew\glew.dir\debug\glew32d.ilk
c:\users\admen\source\snake\build\bin\debug\glew32d.dll
c:\users\admen\source\snake\build\bin\debug\glew32d.pdb
c:\users\admen\source\snake\build\lib\debug\glew32d.lib
c:\users\admen\source\snake\build\lib\debug\glew32d.exp
c:\users\admen\source\snake\build\glew\glew.dir\debug\glew.res
c:\users\admen\source\snake\build\glew\glew.dir\debug\glew.tlog\cl.command.1.tlog
c:\users\admen\source\snake\build\glew\glew.dir\debug\glew.tlog\cl.items.tlog
c:\users\admen\source\snake\build\glew\glew.dir\debug\glew.tlog\cl.read.1.tlog
c:\users\admen\source\snake\build\glew\glew.dir\debug\glew.tlog\cl.write.1.tlog
c:\users\admen\source\snake\build\glew\glew.dir\debug\glew.tlog\custombuild.command.1.tlog
c:\users\admen\source\snake\build\glew\glew.dir\debug\glew.tlog\custombuild.read.1.tlog
c:\users\admen\source\snake\build\glew\glew.dir\debug\glew.tlog\custombuild.write.1.tlog
c:\users\admen\source\snake\build\glew\glew.dir\debug\glew.tlog\link.command.1.tlog
c:\users\admen\source\snake\build\glew\glew.dir\debug\glew.tlog\link.read.1.tlog
c:\users\admen\source\snake\build\glew\glew.dir\debug\glew.tlog\link.write.1.tlog
c:\users\admen\source\snake\build\glew\glew.dir\debug\glew.tlog\link.write.2u.tlog
c:\users\admen\source\snake\build\glew\glew.dir\debug\glew.tlog\rc.command.1.tlog
c:\users\admen\source\snake\build\glew\glew.dir\debug\glew.tlog\rc.read.1.tlog
c:\users\admen\source\snake\build\glew\glew.dir\debug\glew.tlog\rc.write.1.tlog
